Arguments: 
  C:\Program Files\nodejs\node.exe C:\Program Files (x86)\Yarn\bin\yarn.js install

PATH: 
  C:\Program Files (x86)\NVIDIA Corporation\PhysX\Common;C:\Windows\system32;C:\Windows;C:\Windows\System32\Wbem;C:\Windows\System32\WindowsPowerShell\v1.0\;C:\Windows\System32\OpenSSH\;C:\Program Files\dotnet\;C:\Program Files\nodejs\;C:\ProgramData\chocolatey\bin;C:\Program Files\Unity\Hub\Editor\2022.3.16f1\Editor\Data\PlaybackEngines\AndroidPlayer\OpenJDK\bin;C:\Program Files (x86)\Yarn\bin\;C:\msys64\mingw64\bin;C:\Program Files\Go\bin;C:\Program Files\Git\cmd;C:\Program Files\Docker\Docker\resources\bin;C:\Program Files\cursor\resources\app\bin;C:\Users\others\AppData\Local\Microsoft\WindowsApps;c:\Users\others\.cursor\extensions\ms-python.debugpy-2025.18.0-win32-x64\bundled\scripts\noConfigScripts

Yarn version: 
  1.22.19

Node version: 
  20.11.0

Platform: 
  win32 x64

Trace: 
  Error: https://registry.yarnpkg.com/next/-/next-15.5.9.tgz: ESOCKETTIMEDOUT
      at ClientRequest.<anonymous> (C:\Program Files (x86)\Yarn\lib\cli.js:141517:19)
      at Object.onceWrapper (node:events:632:28)
      at ClientRequest.emit (node:events:518:28)
      at TLSSocket.emitRequestTimeout (node:_http_client:840:9)
      at Object.onceWrapper (node:events:632:28)
      at TLSSocket.emit (node:events:530:35)
      at Socket._onTimeout (node:net:589:8)
      at listOnTimeout (node:internal/timers:573:17)
      at process.processTimers (node:internal/timers:514:7)

npm manifest: 
  {
    "name": "tokan-dashboard",
    "private": true,
    "version": "0.1.0",
    "type": "module",
    "scripts": {
      "dev": "next dev",
      "build": "next build",
      "start": "next start",
      "lint": "next lint",
      "test": "vitest"
    },
    "dependencies": {
      "@hookform/resolvers": "^3.3.4",
      "class-variance-authority": "^0.7.0",
      "clsx": "^2.1.1",
      "lucide-react": "^0.460.0",
      "next": "^15.1.4",
      "react": "^19.0.0",
      "react-dom": "^19.0.0",
      "react-hook-form": "^7.54.2",
      "tailwind-merge": "^2.5.5",
      "zod": "^3.24.1"
    },
    "devDependencies": {
      "@types/node": "^20.17.12",
      "@types/react": "^19.0.2",
      "@types/react-dom": "^19.0.2",
      "autoprefixer": "^10.4.20",
      "postcss": "^8.4.49",
      "tailwindcss": "^3.4.17",
      "typescript": "^5.7.2",
      "vitest": "^2.1.8"
    }
  }

yarn manifest: 
  No manifest

Lockfile: 
  No lockfile
